<?xml version="1.0" encoding="UTF-8"?>
<!-- Generated by org.testng.reporters.JUnitXMLReporter -->
<testsuite hostname="EMB-BAN-168" ignored="0" name="Default test" tests="3" failures="0" timestamp="27 Jul 2018 11:33:36 GMT" time="94.334" errors="0">
  <testcase name="RemoveFromMinicart" time="26.891" classname="com.qa.testcases.TestAddCart"/>
  <testcase name="AddToCart" time="18.075" classname="com.qa.testcases.TestAddCart"/>
  <testcase name="AddToCartQuickview" time="17.453" classname="com.qa.testcases.TestAddCart"/>
</testsuite> <!-- Default test -->
