<?xml version="1.0" encoding="UTF-8"?>
<!-- Generated by org.testng.reporters.JUnitXMLReporter -->
<testsuite hostname="EMB-BAN-168" ignored="0" name="Test1" tests="5" failures="0" timestamp="27 Jul 2018 13:02:19 GMT" time="106.43" errors="0">
  <testcase name="coverStoryEmailLogin" time="10.387" classname="com.qa.testcases.TestCswLogin"/>
  <testcase name="coverStoryPhoneLogin" time="10.346" classname="com.qa.testcases.TestCswLogin"/>
  <testcase name="coverStorygoogleplusLogin" time="25.825" classname="com.qa.testcases.TestCswLogin"/>
  <testcase name="coverStoryFacebookLogin" time="21.382" classname="com.qa.testcases.TestCswLogin"/>
  <testcase name="coverStoryOTPLogin" time="11.659" classname="com.qa.testcases.TestCswLogin"/>
</testsuite> <!-- Test1 -->
