<?xml version="1.0" encoding="UTF-8"?>
<!-- Generated by org.testng.reporters.JUnitXMLReporter -->
<testsuite hostname="EMB-BAN-168" ignored="0" name="Test6" tests="4" failures="0" timestamp="27 Jul 2018 13:09:04 GMT" time="64.295" errors="0">
  <testcase name="MyAccountInfo" time="15.353" classname="com.qa.testcases.TestAccount"/>
  <testcase name="MyAccountChangePassword" time="0.93" classname="com.qa.testcases.TestAccount"/>
  <testcase name="MyAccountOrderPage" time="1.695" classname="com.qa.testcases.TestAccount"/>
  <testcase name="MyAccountSaveAddressPage" time="13.765" classname="com.qa.testcases.TestAccount"/>
</testsuite> <!-- Test6 -->
