<?xml version="1.0" encoding="UTF-8"?>
<!-- Generated by org.testng.reporters.JUnitXMLReporter -->
<testsuite hostname="EMB-BAN-168" ignored="0" name="Test3" tests="3" failures="0" timestamp="27 Jul 2018 13:05:30 GMT" time="109.844" errors="0">
  <testcase name="AddToWishlistQuickviewLogin" time="42.847" classname="com.qa.testcases.TestAddWishlist"/>
  <testcase name="AddToWishlistPLP" time="16.675" classname="com.qa.testcases.TestAddWishlist"/>
  <testcase name="AddToWishlistPDP" time="20.814" classname="com.qa.testcases.TestAddWishlist"/>
</testsuite> <!-- Test3 -->
