<?xml version="1.0" encoding="UTF-8"?>
<!-- Generated by org.testng.reporters.JUnitXMLReporter -->
<testsuite hostname="EMB-BAN-168" ignored="0" name="Test2" tests="3" failures="0" timestamp="27 Jul 2018 13:03:40 GMT" time="80.759" errors="0">
  <testcase name="RemoveFromMinicart" time="23.691" classname="com.qa.testcases.TestAddCart"/>
  <testcase name="AddToCart" time="18.223" classname="com.qa.testcases.TestAddCart"/>
  <testcase name="AddToCartQuickview" time="17.605" classname="com.qa.testcases.TestAddCart"/>
</testsuite> <!-- Test2 -->
